average_surfaces /tmp/tmp1scgh3oo/mni_icbm_left.obj none none 1 /examples/incoming/separate_folders/mni_icbm-left/mni_icbm_02_gray_surface_81920.obj /examples/incoming/separate_folders/mni_icbm-left/mni_icbm_02_white_surface_81920.obj
average_surfaces /tmp/tmp1scgh3oo/mni_icbm_right.obj none none 1 /examples/incoming/separate_folders/mni_icbm-right/mni_icbm_02_gray_surface_81920.obj /examples/incoming/separate_folders/mni_icbm-right/mni_icbm_02_white_surface_81920.obj
colour_object /tmp/tmp1scgh3oo/mni_icbm_left.obj /examples/incoming/separate_folders/mni_icbm-left/mni_icbm_02_gray_surface_81920.smtherr.txt /tmp/tmp1scgh3oo/mni_icbm_left.obj_mni_icbm_02_gray_surface_81920.smtherr.txt_spectral_0.0_2.0.obj spectral 0.0 2.0
vertstats_stats /examples/incoming/separate_folders/mni_icbm-left/mni_icbm_02_gray_surface_81920.smtherr.txt
colour_object /tmp/tmp1scgh3oo/mni_icbm_right.obj /examples/incoming/separate_folders/mni_icbm-right/mni_icbm_02_gray_surface_81920.smtherr.txt /tmp/tmp1scgh3oo/mni_icbm_right.obj_mni_icbm_02_gray_surface_81920.smtherr.txt_spectral_0.0_2.0.obj spectral 0.0 2.0
vertstats_stats /examples/incoming/separate_folders/mni_icbm-right/mni_icbm_02_gray_surface_81920.smtherr.txt
colour_object /tmp/tmp1scgh3oo/mni_icbm_left.obj /examples/incoming/separate_folders/mni_icbm-left/mni_icbm_02_native_rms_tlaplace_30mm.txt /tmp/tmp1scgh3oo/mni_icbm_left.obj_mni_icbm_02_native_rms_tlaplace_30mm.txt_spectral_0.0_10.0.obj spectral 0.0 10.0
vertstats_stats /examples/incoming/separate_folders/mni_icbm-left/mni_icbm_02_native_rms_tlaplace_30mm.txt
colour_object /tmp/tmp1scgh3oo/mni_icbm_right.obj /examples/incoming/separate_folders/mni_icbm-right/mni_icbm_02_native_rms_tlaplace_30mm.txt /tmp/tmp1scgh3oo/mni_icbm_right.obj_mni_icbm_02_native_rms_tlaplace_30mm.txt_spectral_0.0_10.0.obj spectral 0.0 10.0
vertstats_stats /examples/incoming/separate_folders/mni_icbm-right/mni_icbm_02_native_rms_tlaplace_30mm.txt
ray_trace -shadows -output /tmp/tmp1scgh3oo/0_mni_icbm_02_gray_surface_81920.obj.rgb -bg black -crop -size 400 400 -top /examples/incoming/separate_folders/mni_icbm-left/mni_icbm_02_gray_surface_81920.obj /examples/incoming/separate_folders/mni_icbm-right/mni_icbm_02_gray_surface_81920.obj
ray_trace -shadows -output /tmp/tmp1scgh3oo/1_mni_icbm_02_gray_surface_81920.obj.rgb -bg black -crop -size 400 400 -bottom /examples/incoming/separate_folders/mni_icbm-left/mni_icbm_02_gray_surface_81920.obj /examples/incoming/separate_folders/mni_icbm-right/mni_icbm_02_gray_surface_81920.obj
ray_trace -shadows -output /tmp/tmp1scgh3oo/2_mni_icbm_02_gray_surface_81920.obj.rgb -bg black -crop -size 400 400 -view 0.77 -0.18 -0.6 0.55 0.6 0.55 /examples/incoming/separate_folders/mni_icbm-left/mni_icbm_02_gray_surface_81920.obj
ray_trace -shadows -output /tmp/tmp1scgh3oo/3_mni_icbm_02_gray_surface_81920.obj.rgb -bg black -crop -size 400 400 -left /examples/incoming/separate_folders/mni_icbm-left/mni_icbm_02_gray_surface_81920.obj
ray_trace -shadows -output /tmp/tmp1scgh3oo/4_mni_icbm_02_gray_surface_81920.obj.rgb -bg black -crop -size 400 400 -right /examples/incoming/separate_folders/mni_icbm-left/mni_icbm_02_gray_surface_81920.obj
ray_trace -shadows -output /tmp/tmp1scgh3oo/5_mni_icbm_02_gray_surface_81920.obj.rgb -bg black -crop -size 400 400
ray_trace -shadows -output /tmp/tmp1scgh3oo/6_mni_icbm_02_gray_surface_81920.obj.rgb -bg black -crop -size 400 400 -front /examples/incoming/separate_folders/mni_icbm-left/mni_icbm_02_gray_surface_81920.obj /examples/incoming/separate_folders/mni_icbm-right/mni_icbm_02_gray_surface_81920.obj
ray_trace -shadows -output /tmp/tmp1scgh3oo/7_mni_icbm_02_gray_surface_81920.obj.rgb -bg black -crop -size 400 400 -back /examples/incoming/separate_folders/mni_icbm-left/mni_icbm_02_gray_surface_81920.obj /examples/incoming/separate_folders/mni_icbm-right/mni_icbm_02_gray_surface_81920.obj
ray_trace -shadows -output /tmp/tmp1scgh3oo/8_mni_icbm_02_gray_surface_81920.obj.rgb -bg black -crop -size 400 400 -view -0.77 -0.18 -0.6 -0.55 0.6 0.55 /examples/incoming/separate_folders/mni_icbm-right/mni_icbm_02_gray_surface_81920.obj
ray_trace -shadows -output /tmp/tmp1scgh3oo/9_mni_icbm_02_gray_surface_81920.obj.rgb -bg black -crop -size 400 400 -left /examples/incoming/separate_folders/mni_icbm-right/mni_icbm_02_gray_surface_81920.obj
ray_trace -shadows -output /tmp/tmp1scgh3oo/10_mni_icbm_02_gray_surface_81920.obj.rgb -bg black -crop -size 400 400 -right /examples/incoming/separate_folders/mni_icbm-right/mni_icbm_02_gray_surface_81920.obj
ray_trace -shadows -output /tmp/tmp1scgh3oo/11_mni_icbm_02_gray_surface_81920.obj.rgb -bg black -crop -size 400 400
ray_trace -shadows -output /tmp/tmp1scgh3oo/12_mni_icbm_02_white_surface_81920.obj.rgb -bg black -crop -size 400 400 -top /examples/incoming/separate_folders/mni_icbm-left/mni_icbm_02_white_surface_81920.obj /examples/incoming/separate_folders/mni_icbm-right/mni_icbm_02_white_surface_81920.obj
ray_trace -shadows -output /tmp/tmp1scgh3oo/13_mni_icbm_02_white_surface_81920.obj.rgb -bg black -crop -size 400 400 -bottom /examples/incoming/separate_folders/mni_icbm-left/mni_icbm_02_white_surface_81920.obj /examples/incoming/separate_folders/mni_icbm-right/mni_icbm_02_white_surface_81920.obj
ray_trace -shadows -output /tmp/tmp1scgh3oo/14_mni_icbm_02_white_surface_81920.obj.rgb -bg black -crop -size 400 400 -view 0.77 -0.18 -0.6 0.55 0.6 0.55 /examples/incoming/separate_folders/mni_icbm-left/mni_icbm_02_white_surface_81920.obj
ray_trace -shadows -output /tmp/tmp1scgh3oo/15_mni_icbm_02_white_surface_81920.obj.rgb -bg black -crop -size 400 400 -left /examples/incoming/separate_folders/mni_icbm-left/mni_icbm_02_white_surface_81920.obj
ray_trace -shadows -output /tmp/tmp1scgh3oo/16_mni_icbm_02_white_surface_81920.obj.rgb -bg black -crop -size 400 400 -right /examples/incoming/separate_folders/mni_icbm-left/mni_icbm_02_white_surface_81920.obj
ray_trace -shadows -output /tmp/tmp1scgh3oo/17_mni_icbm_02_white_surface_81920.obj.rgb -bg black -crop -size 400 400
ray_trace -shadows -output /tmp/tmp1scgh3oo/18_mni_icbm_02_white_surface_81920.obj.rgb -bg black -crop -size 400 400 -front /examples/incoming/separate_folders/mni_icbm-left/mni_icbm_02_white_surface_81920.obj /examples/incoming/separate_folders/mni_icbm-right/mni_icbm_02_white_surface_81920.obj
ray_trace -shadows -output /tmp/tmp1scgh3oo/19_mni_icbm_02_white_surface_81920.obj.rgb -bg black -crop -size 400 400 -back /examples/incoming/separate_folders/mni_icbm-left/mni_icbm_02_white_surface_81920.obj /examples/incoming/separate_folders/mni_icbm-right/mni_icbm_02_white_surface_81920.obj
ray_trace -shadows -output /tmp/tmp1scgh3oo/20_mni_icbm_02_white_surface_81920.obj.rgb -bg black -crop -size 400 400 -view -0.77 -0.18 -0.6 -0.55 0.6 0.55 /examples/incoming/separate_folders/mni_icbm-right/mni_icbm_02_white_surface_81920.obj
ray_trace -shadows -output /tmp/tmp1scgh3oo/21_mni_icbm_02_white_surface_81920.obj.rgb -bg black -crop -size 400 400 -left /examples/incoming/separate_folders/mni_icbm-right/mni_icbm_02_white_surface_81920.obj
ray_trace -shadows -output /tmp/tmp1scgh3oo/22_mni_icbm_02_white_surface_81920.obj.rgb -bg black -crop -size 400 400 -right /examples/incoming/separate_folders/mni_icbm-right/mni_icbm_02_white_surface_81920.obj
ray_trace -shadows -output /tmp/tmp1scgh3oo/23_mni_icbm_02_white_surface_81920.obj.rgb -bg black -crop -size 400 400
ray_trace -shadows -output /tmp/tmp1scgh3oo/24_mni_icbm_02_gray_surface_81920.smtherr.txt.rgb -bg black -crop -size 400 400 -top /tmp/tmp1scgh3oo/mni_icbm_left.obj_mni_icbm_02_gray_surface_81920.smtherr.txt_spectral_0.0_2.0.obj /tmp/tmp1scgh3oo/mni_icbm_right.obj_mni_icbm_02_gray_surface_81920.smtherr.txt_spectral_0.0_2.0.obj
ray_trace -shadows -output /tmp/tmp1scgh3oo/25_mni_icbm_02_gray_surface_81920.smtherr.txt.rgb -bg black -crop -size 400 400 -bottom /tmp/tmp1scgh3oo/mni_icbm_left.obj_mni_icbm_02_gray_surface_81920.smtherr.txt_spectral_0.0_2.0.obj /tmp/tmp1scgh3oo/mni_icbm_right.obj_mni_icbm_02_gray_surface_81920.smtherr.txt_spectral_0.0_2.0.obj
ray_trace -shadows -output /tmp/tmp1scgh3oo/26_mni_icbm_02_gray_surface_81920.smtherr.txt.rgb -bg black -crop -size 400 400 -view 0.77 -0.18 -0.6 0.55 0.6 0.55 /tmp/tmp1scgh3oo/mni_icbm_left.obj_mni_icbm_02_gray_surface_81920.smtherr.txt_spectral_0.0_2.0.obj
ray_trace -shadows -output /tmp/tmp1scgh3oo/27_mni_icbm_02_gray_surface_81920.smtherr.txt.rgb -bg black -crop -size 400 400 -left /tmp/tmp1scgh3oo/mni_icbm_left.obj_mni_icbm_02_gray_surface_81920.smtherr.txt_spectral_0.0_2.0.obj
ray_trace -shadows -output /tmp/tmp1scgh3oo/28_mni_icbm_02_gray_surface_81920.smtherr.txt.rgb -bg black -crop -size 400 400 -right /tmp/tmp1scgh3oo/mni_icbm_left.obj_mni_icbm_02_gray_surface_81920.smtherr.txt_spectral_0.0_2.0.obj
ray_trace -shadows -output /tmp/tmp1scgh3oo/29_mni_icbm_02_gray_surface_81920.smtherr.txt.rgb -bg black -crop -size 400 400
ray_trace -shadows -output /tmp/tmp1scgh3oo/30_mni_icbm_02_gray_surface_81920.smtherr.txt.rgb -bg black -crop -size 400 400 -front /tmp/tmp1scgh3oo/mni_icbm_left.obj_mni_icbm_02_gray_surface_81920.smtherr.txt_spectral_0.0_2.0.obj /tmp/tmp1scgh3oo/mni_icbm_right.obj_mni_icbm_02_gray_surface_81920.smtherr.txt_spectral_0.0_2.0.obj
ray_trace -shadows -output /tmp/tmp1scgh3oo/31_mni_icbm_02_gray_surface_81920.smtherr.txt.rgb -bg black -crop -size 400 400 -back /tmp/tmp1scgh3oo/mni_icbm_left.obj_mni_icbm_02_gray_surface_81920.smtherr.txt_spectral_0.0_2.0.obj /tmp/tmp1scgh3oo/mni_icbm_right.obj_mni_icbm_02_gray_surface_81920.smtherr.txt_spectral_0.0_2.0.obj
ray_trace -shadows -output /tmp/tmp1scgh3oo/32_mni_icbm_02_gray_surface_81920.smtherr.txt.rgb -bg black -crop -size 400 400 -view -0.77 -0.18 -0.6 -0.55 0.6 0.55 /tmp/tmp1scgh3oo/mni_icbm_right.obj_mni_icbm_02_gray_surface_81920.smtherr.txt_spectral_0.0_2.0.obj
ray_trace -shadows -output /tmp/tmp1scgh3oo/33_mni_icbm_02_gray_surface_81920.smtherr.txt.rgb -bg black -crop -size 400 400 -left /tmp/tmp1scgh3oo/mni_icbm_right.obj_mni_icbm_02_gray_surface_81920.smtherr.txt_spectral_0.0_2.0.obj
ray_trace -shadows -output /tmp/tmp1scgh3oo/34_mni_icbm_02_gray_surface_81920.smtherr.txt.rgb -bg black -crop -size 400 400 -right /tmp/tmp1scgh3oo/mni_icbm_right.obj_mni_icbm_02_gray_surface_81920.smtherr.txt_spectral_0.0_2.0.obj
ray_trace -shadows -output /tmp/tmp1scgh3oo/35_mni_icbm_02_gray_surface_81920.smtherr.txt.rgb -bg black -crop -size 400 400
ray_trace -shadows -output /tmp/tmp1scgh3oo/36_mni_icbm_02_native_rms_tlaplace_30mm.txt.rgb -bg black -crop -size 400 400 -top /tmp/tmp1scgh3oo/mni_icbm_left.obj_mni_icbm_02_native_rms_tlaplace_30mm.txt_spectral_0.0_10.0.obj /tmp/tmp1scgh3oo/mni_icbm_right.obj_mni_icbm_02_native_rms_tlaplace_30mm.txt_spectral_0.0_10.0.obj
ray_trace -shadows -output /tmp/tmp1scgh3oo/37_mni_icbm_02_native_rms_tlaplace_30mm.txt.rgb -bg black -crop -size 400 400 -bottom /tmp/tmp1scgh3oo/mni_icbm_left.obj_mni_icbm_02_native_rms_tlaplace_30mm.txt_spectral_0.0_10.0.obj /tmp/tmp1scgh3oo/mni_icbm_right.obj_mni_icbm_02_native_rms_tlaplace_30mm.txt_spectral_0.0_10.0.obj
ray_trace -shadows -output /tmp/tmp1scgh3oo/38_mni_icbm_02_native_rms_tlaplace_30mm.txt.rgb -bg black -crop -size 400 400 -view 0.77 -0.18 -0.6 0.55 0.6 0.55 /tmp/tmp1scgh3oo/mni_icbm_left.obj_mni_icbm_02_native_rms_tlaplace_30mm.txt_spectral_0.0_10.0.obj
ray_trace -shadows -output /tmp/tmp1scgh3oo/39_mni_icbm_02_native_rms_tlaplace_30mm.txt.rgb -bg black -crop -size 400 400 -left /tmp/tmp1scgh3oo/mni_icbm_left.obj_mni_icbm_02_native_rms_tlaplace_30mm.txt_spectral_0.0_10.0.obj
ray_trace -shadows -output /tmp/tmp1scgh3oo/40_mni_icbm_02_native_rms_tlaplace_30mm.txt.rgb -bg black -crop -size 400 400 -right /tmp/tmp1scgh3oo/mni_icbm_left.obj_mni_icbm_02_native_rms_tlaplace_30mm.txt_spectral_0.0_10.0.obj
ray_trace -shadows -output /tmp/tmp1scgh3oo/41_mni_icbm_02_native_rms_tlaplace_30mm.txt.rgb -bg black -crop -size 400 400
ray_trace -shadows -output /tmp/tmp1scgh3oo/42_mni_icbm_02_native_rms_tlaplace_30mm.txt.rgb -bg black -crop -size 400 400 -front /tmp/tmp1scgh3oo/mni_icbm_left.obj_mni_icbm_02_native_rms_tlaplace_30mm.txt_spectral_0.0_10.0.obj /tmp/tmp1scgh3oo/mni_icbm_right.obj_mni_icbm_02_native_rms_tlaplace_30mm.txt_spectral_0.0_10.0.obj
ray_trace -shadows -output /tmp/tmp1scgh3oo/43_mni_icbm_02_native_rms_tlaplace_30mm.txt.rgb -bg black -crop -size 400 400 -back /tmp/tmp1scgh3oo/mni_icbm_left.obj_mni_icbm_02_native_rms_tlaplace_30mm.txt_spectral_0.0_10.0.obj /tmp/tmp1scgh3oo/mni_icbm_right.obj_mni_icbm_02_native_rms_tlaplace_30mm.txt_spectral_0.0_10.0.obj
ray_trace -shadows -output /tmp/tmp1scgh3oo/44_mni_icbm_02_native_rms_tlaplace_30mm.txt.rgb -bg black -crop -size 400 400 -view -0.77 -0.18 -0.6 -0.55 0.6 0.55 /tmp/tmp1scgh3oo/mni_icbm_right.obj_mni_icbm_02_native_rms_tlaplace_30mm.txt_spectral_0.0_10.0.obj
ray_trace -shadows -output /tmp/tmp1scgh3oo/45_mni_icbm_02_native_rms_tlaplace_30mm.txt.rgb -bg black -crop -size 400 400 -left /tmp/tmp1scgh3oo/mni_icbm_right.obj_mni_icbm_02_native_rms_tlaplace_30mm.txt_spectral_0.0_10.0.obj
ray_trace -shadows -output /tmp/tmp1scgh3oo/46_mni_icbm_02_native_rms_tlaplace_30mm.txt.rgb -bg black -crop -size 400 400 -right /tmp/tmp1scgh3oo/mni_icbm_right.obj_mni_icbm_02_native_rms_tlaplace_30mm.txt_spectral_0.0_10.0.obj
ray_trace -shadows -output /tmp/tmp1scgh3oo/47_mni_icbm_02_native_rms_tlaplace_30mm.txt.rgb -bg black -crop -size 400 400
montage -tile 6x8 -background black -geometry 400x400+1+50 /tmp/tmp1scgh3oo/0_mni_icbm_02_gray_surface_81920.obj.rgb /tmp/tmp1scgh3oo/1_mni_icbm_02_gray_surface_81920.obj.rgb /tmp/tmp1scgh3oo/2_mni_icbm_02_gray_surface_81920.obj.rgb /tmp/tmp1scgh3oo/3_mni_icbm_02_gray_surface_81920.obj.rgb /tmp/tmp1scgh3oo/4_mni_icbm_02_gray_surface_81920.obj.rgb /tmp/tmp1scgh3oo/5_mni_icbm_02_gray_surface_81920.obj.rgb /tmp/tmp1scgh3oo/6_mni_icbm_02_gray_surface_81920.obj.rgb /tmp/tmp1scgh3oo/7_mni_icbm_02_gray_surface_81920.obj.rgb /tmp/tmp1scgh3oo/8_mni_icbm_02_gray_surface_81920.obj.rgb /tmp/tmp1scgh3oo/9_mni_icbm_02_gray_surface_81920.obj.rgb /tmp/tmp1scgh3oo/10_mni_icbm_02_gray_surface_81920.obj.rgb /tmp/tmp1scgh3oo/11_mni_icbm_02_gray_surface_81920.obj.rgb /tmp/tmp1scgh3oo/12_mni_icbm_02_white_surface_81920.obj.rgb /tmp/tmp1scgh3oo/13_mni_icbm_02_white_surface_81920.obj.rgb /tmp/tmp1scgh3oo/14_mni_icbm_02_white_surface_81920.obj.rgb /tmp/tmp1scgh3oo/15_mni_icbm_02_white_surface_81920.obj.rgb /tmp/tmp1scgh3oo/16_mni_icbm_02_white_surface_81920.obj.rgb /tmp/tmp1scgh3oo/17_mni_icbm_02_white_surface_81920.obj.rgb /tmp/tmp1scgh3oo/18_mni_icbm_02_white_surface_81920.obj.rgb /tmp/tmp1scgh3oo/19_mni_icbm_02_white_surface_81920.obj.rgb /tmp/tmp1scgh3oo/20_mni_icbm_02_white_surface_81920.obj.rgb /tmp/tmp1scgh3oo/21_mni_icbm_02_white_surface_81920.obj.rgb /tmp/tmp1scgh3oo/22_mni_icbm_02_white_surface_81920.obj.rgb /tmp/tmp1scgh3oo/23_mni_icbm_02_white_surface_81920.obj.rgb /tmp/tmp1scgh3oo/24_mni_icbm_02_gray_surface_81920.smtherr.txt.rgb /tmp/tmp1scgh3oo/25_mni_icbm_02_gray_surface_81920.smtherr.txt.rgb /tmp/tmp1scgh3oo/26_mni_icbm_02_gray_surface_81920.smtherr.txt.rgb /tmp/tmp1scgh3oo/27_mni_icbm_02_gray_surface_81920.smtherr.txt.rgb /tmp/tmp1scgh3oo/28_mni_icbm_02_gray_surface_81920.smtherr.txt.rgb /tmp/tmp1scgh3oo/29_mni_icbm_02_gray_surface_81920.smtherr.txt.rgb /tmp/tmp1scgh3oo/30_mni_icbm_02_gray_surface_81920.smtherr.txt.rgb /tmp/tmp1scgh3oo/31_mni_icbm_02_gray_surface_81920.smtherr.txt.rgb /tmp/tmp1scgh3oo/32_mni_icbm_02_gray_surface_81920.smtherr.txt.rgb /tmp/tmp1scgh3oo/33_mni_icbm_02_gray_surface_81920.smtherr.txt.rgb /tmp/tmp1scgh3oo/34_mni_icbm_02_gray_surface_81920.smtherr.txt.rgb /tmp/tmp1scgh3oo/35_mni_icbm_02_gray_surface_81920.smtherr.txt.rgb /tmp/tmp1scgh3oo/36_mni_icbm_02_native_rms_tlaplace_30mm.txt.rgb /tmp/tmp1scgh3oo/37_mni_icbm_02_native_rms_tlaplace_30mm.txt.rgb /tmp/tmp1scgh3oo/38_mni_icbm_02_native_rms_tlaplace_30mm.txt.rgb /tmp/tmp1scgh3oo/39_mni_icbm_02_native_rms_tlaplace_30mm.txt.rgb /tmp/tmp1scgh3oo/40_mni_icbm_02_native_rms_tlaplace_30mm.txt.rgb /tmp/tmp1scgh3oo/41_mni_icbm_02_native_rms_tlaplace_30mm.txt.rgb /tmp/tmp1scgh3oo/42_mni_icbm_02_native_rms_tlaplace_30mm.txt.rgb /tmp/tmp1scgh3oo/43_mni_icbm_02_native_rms_tlaplace_30mm.txt.rgb /tmp/tmp1scgh3oo/44_mni_icbm_02_native_rms_tlaplace_30mm.txt.rgb /tmp/tmp1scgh3oo/45_mni_icbm_02_native_rms_tlaplace_30mm.txt.rgb /tmp/tmp1scgh3oo/46_mni_icbm_02_native_rms_tlaplace_30mm.txt.rgb /tmp/tmp1scgh3oo/47_mni_icbm_02_native_rms_tlaplace_30mm.txt.rgb /tmp/tmp1scgh3oo/montage_output.png
convert -box black -fill green1 -pointsize 28 -annotate 0x0+53+110 L -annotate 0x0+349+110 R -annotate 0x0+455+110 R -annotate 0x0+751+110 L -annotate 0x0+2071+130 '' -annotate 0x0+53+610 R -annotate 0x0+349+610 L -annotate 0x0+455+610 L -annotate 0x0+751+610 R -annotate 0x0+2071+630 '' -annotate 0x0+53+1110 L -annotate 0x0+349+1110 R -annotate 0x0+455+1110 R -annotate 0x0+751+1110 L -annotate 0x0+2071+1130 '' -annotate 0x0+53+1610 R -annotate 0x0+349+1610 L -annotate 0x0+455+1610 L -annotate 0x0+751+1610 R -annotate 0x0+2071+1630 '' -annotate 0x0+53+2110 L -annotate 0x0+349+2110 R -annotate 0x0+455+2110 R -annotate 0x0+751+2110 L -annotate 0x0+2071+2130 'Column0: 
 Maximum: 42.6139
 Minimum: 7.19126e-09
 Median:  0.433313
 Mean:    1.0035
 Stdev:   1.64782
 Sum:     41105.2
' -annotate 0x0+53+2610 R -annotate 0x0+349+2610 L -annotate 0x0+455+2610 L -annotate 0x0+751+2610 R -annotate 0x0+2071+2630 'Column0: 
 Maximum: 64.7933
 Minimum: 8.08211e-09
 Median:  0.428238
 Mean:    1.00115
 Stdev:   1.82946
 Sum:     41009.1
' -annotate 0x0+53+3110 L -annotate 0x0+349+3110 R -annotate 0x0+455+3110 R -annotate 0x0+751+3110 L -annotate 0x0+2071+3130 'Column0: 
 Maximum: 3.98805
 Minimum: 1.4768
 Median:  3.0403
 Mean:    3.01144
 Stdev:   0.357987
 Sum:     123355
' -annotate 0x0+53+3610 R -annotate 0x0+349+3610 L -annotate 0x0+455+3610 L -annotate 0x0+751+3610 R -annotate 0x0+2071+3630 'Column0: 
 Maximum: 4.02445
 Minimum: 1.47367
 Median:  3.04275
 Mean:    3.00986
 Stdev:   0.353593
 Sum:     123290
' -annotate 0x0+905+25 mni_icbm_02_gray_surface_81920.obj -annotate 0x0+905+1025 mni_icbm_02_white_surface_81920.obj -annotate 0x0+905+2025 mni_icbm_02_gray_surface_81920.smtherr.txt -annotate 0x0+905+3025 mni_icbm_02_native_rms_tlaplace_30mm.txt /tmp/tmp1scgh3oo/montage_output.png /examples/outgoing/separate_folders/mni_icbm.png
